-------------------------------------------------------------------------------
Test set: test.java.testrunner.TestRunner
-------------------------------------------------------------------------------
Tests run: 1, Failures: 1, Errors: 0, Skipped: 0, Time elapsed: 1.475 s <<< FAILURE! -- in test.java.testrunner.TestRunner
List Comparison.Validate that two lists contain the same items with name, price, and category, regardless of order -- Time elapsed: 0.171 s <<< FAILURE!
java.lang.AssertionError: 
Comparison failed:
Missing items:
  - Item{name='orange', price=1.50, category='fruit'}

Unexpected items:
  - Item{name='orange', price=1.50, category='vegetable'}

	at org.junit.Assert.fail(Assert.java:89)
	at org.junit.Assert.assertTrue(Assert.java:42)
	at test.java.stepdefinitions.StepDefinitions.the_lists_should_contain_the_same_items_with_name_price_and_category_regardless_of_order(StepDefinitions.java:53)
	at ✽.the lists should contain the same items with name, price, and category, regardless of order(file:///D:/itshit/clean_folder/list-comparator/src/test/resources/features/task.feature:15)

