<?xml version="1.0" encoding="UTF-8"?>
<testsuite xmlns:xsi="http://www.w3.org/2001/XMLSchema-instance" xsi:noNamespaceSchemaLocation="https://maven.apache.org/surefire/maven-surefire-plugin/xsd/surefire-test-report-3.0.xsd" version="3.0" name="test.java.testrunner.TestRunner" time="1.475" tests="1" errors="0" skipped="0" failures="1">
  <properties>
[...]
</properties>
  <testcase name="Validate that two lists contain the same items with name, price, and category, regardless of order" classname="List Comparison" time="0.171">
    <failure message="Comparison failed:&#10;Missing items:&#10;  - Item{name=&apos;orange&apos;, price=1.50, category=&apos;fruit&apos;}&#10;&#10;Unexpected items:&#10;  - Item{name=&apos;orange&apos;, price=1.50, category=&apos;vegetable&apos;}&#10;" type="java.lang.AssertionError"><![CDATA[java.lang.AssertionError: 
Comparison failed:
Missing items:
  - Item{name='orange', price=1.50, category='fruit'}

Unexpected items:
  - Item{name='orange', price=1.50, category='vegetable'}

	at org.junit.Assert.fail(Assert.java:89)
	at org.junit.Assert.assertTrue(Assert.java:42)
	at test.java.stepdefinitions.StepDefinitions.the_lists_should_contain_the_same_items_with_name_price_and_category_regardless_of_order(StepDefinitions.java:53)
	at ✽.the lists should contain the same items with name, price, and category, regardless of order(file:///D:/clean_folder/list-comparator/src/test/resources/features/task.feature:15)
]]></failure>
    <system-out><![CDATA[
Scenario: Validate that two lists contain the same items with name, price, and category, regardless of order &amp#27;[90m# src/test/resources/features/task.feature:3&amp#27;[0m
  &amp#27;[32mGiven &amp#27;[0m&amp#27;[32mI have the following items in the first list:&amp#27;[0m                                                        &amp#27;[90m# test.java.stepdefinitions.StepDefinitions.i_have_the_following_items_in_the_first_list(io.cucumber.datatable.DataTable)&amp#27;[0m
    | name   | price | category |
    | apple  | 1.00  | fruit    |
    | orange | 1.50  | fruit    |
    | banana | 0.75  | fruit    |
  &amp#27;[32mAnd &amp#27;[0m&amp#27;[32mI have the following items in the second list:&amp#27;[0m                                                         &amp#27;[90m# test.java.stepdefinitions.StepDefinitions.i_have_the_following_items_in_the_second_list(io.cucumber.datatable.DataTable)&amp#27;[0m
    | name   | price | category  |
    | banana | 0.75  | fruit     |
    | apple  | 1.00  | fruit     |
    | orange | 1.50  | vegetable |
  &amp#27;[32mWhen &amp#27;[0m&amp#27;[32mI compare both lists&amp#27;[0m                                                                                  &amp#27;[90m# test.java.stepdefinitions.StepDefinitions.i_compare_both_lists()&amp#27;[0m
  &amp#27;[31mThen &amp#27;[0m&amp#27;[31mthe lists should contain the same items with name, price, and category, regardless of order&amp#27;[0m           &amp#27;[90m# test.java.stepdefinitions.StepDefinitions.the_lists_should_contain_the_same_items_with_name_price_and_category_regardless_of_order()&amp#27;[0m
      &amp#27;[31mjava.lang.AssertionError: Comparison failed:
Missing items:
  - Item{name='orange', price=1.50, category='fruit'}

Unexpected items:
  - Item{name='orange', price=1.50, category='vegetable'}

	at org.junit.Assert.fail(Assert.java:89)
	at org.junit.Assert.assertTrue(Assert.java:42)
	at test.java.stepdefinitions.StepDefinitions.the_lists_should_contain_the_same_items_with_name_price_and_category_regardless_of_order(StepDefinitions.java:53)
	at âœ½.the lists should contain the same items with name, price, and category, regardless of order(file:///D:/clean_folder/list-comparator/src/test/resources/features/task.feature:15)
&amp#27;[0m
]]></system-out>
  </testcase>
</testsuite>
